Arguments: 
  C:\Program Files\nodejs\node.exe C:\Users\gopal\AppData\Roaming\npm\node_modules\yarn\bin\yarn.js add express

PATH: 
  C:\app\gopal\product\21c\dbhomeXE\bin;C:\Program Files\Common Files\Oracle\Java\javapath;C:\Windows\system32;C:\Windows;C:\Windows\System32\Wbem;C:\Windows\System32\WindowsPowerShell\v1.0\;C:\Windows\System32\OpenSSH\;C:\Program Files\nodejs\;C:\Program Files\MongoDB\Server\6.0\bin;C:\Program Files\dotnet\;C:\Program Files\Docker\Docker\resources\bin;C:\Program Files\Git\cmd;C:\Program Files\PuTTY\;C:\Users\gopal\AppData\Local\Microsoft\WindowsApps;;C:\Users\gopal\AppData\Local\Programs\Microsoft VS Code\bin;C:\Users\gopal\AppData\Roaming\npm

Yarn version: 
  1.22.19

Node version: 
  18.12.1

Platform: 
  win32 x64

Trace: 
  Error: write EPROTO 58120000:error:0A000152:SSL routines:final_renegotiate:unsafe legacy renegotiation disabled:c:\ws\deps\openssl\openssl\ssl\statem\extensions.c:922:
  
      at WriteWrap.onWriteComplete [as oncomplete] (node:internal/stream_base_commons:94:16)

npm manifest: 
  {
    "name": "bajaj",
    "version": "1.0.0",
    "description": "",
    "main": "index.js",
    "scripts": {
      "test": "echo \"Error: no test specified\" && exit 1"
    },
    "keywords": [],
    "author": "",
    "license": "ISC"
  }

yarn manifest: 
  No manifest

Lockfile: 
  No lockfile
